2020-55-12 21:55:48.105 [main] INFO  com.soprabanking.ips.ImprovementProposalSystemApplication - Starting ImprovementProposalSystemApplication on ITEM-S103119 with PID 12052 (C:\Users\japsingh\Downloads\Proposal System\ips\Backend\target\classes started by japsingh in C:\Users\japsingh\Downloads\Proposal System\ips\Backend)
2020-55-12 21:55:48.145 [main] INFO  com.soprabanking.ips.ImprovementProposalSystemApplication - No active profile set, falling back to default profiles: default
2020-55-12 21:55:51.019 [main] INFO  org.springframework.data.repository.config.RepositoryConfigurationDelegate - Bootstrapping Spring Data JPA repositories in DEFERRED mode.
2020-55-12 21:55:51.267 [main] INFO  org.springframework.data.repository.config.RepositoryConfigurationDelegate - Finished Spring Data repository scanning in 228ms. Found 6 JPA repository interfaces.
2020-55-12 21:55:52.386 [main] INFO  org.springframework.boot.web.embedded.tomcat.TomcatWebServer - Tomcat initialized with port(s): 8080 (http)
2020-55-12 21:55:52.415 [main] INFO  org.apache.coyote.http11.Http11NioProtocol - Initializing ProtocolHandler ["http-nio-8080"]
2020-55-12 21:55:52.418 [main] INFO  org.apache.catalina.core.StandardService - Starting service [Tomcat]
2020-55-12 21:55:52.419 [main] INFO  org.apache.catalina.core.StandardEngine - Starting Servlet engine: [Apache Tomcat/9.0.38]
2020-55-12 21:55:53.162 [main] INFO  org.apache.catalina.core.ContainerBase.[Tomcat].[localhost].[/] - Initializing Spring embedded WebApplicationContext
2020-55-12 21:55:53.163 [main] INFO  org.springframework.boot.web.servlet.context.ServletWebServerApplicationContext - Root WebApplicationContext: initialization completed in 4840 ms
2020-55-12 21:55:53.608 [main] INFO  org.springframework.scheduling.concurrent.ThreadPoolTaskExecutor - Initializing ExecutorService 'applicationTaskExecutor'
2020-55-12 21:55:53.785 [task-1] INFO  org.hibernate.jpa.internal.util.LogHelper - HHH000204: Processing PersistenceUnitInfo [name: default]
2020-55-12 21:55:54.012 [task-1] INFO  org.hibernate.Version - HHH000412: Hibernate ORM core version 5.4.21.Final
2020-55-12 21:55:54.075 [main] WARN  org.springframework.boot.autoconfigure.orm.jpa.JpaBaseConfiguration$JpaWebConfiguration - spring.jpa.open-in-view is enabled by default. Therefore, database queries may be performed during view rendering. Explicitly configure spring.jpa.open-in-view to disable this warning
2020-55-12 21:55:54.560 [task-1] INFO  org.hibernate.annotations.common.Version - HCANN000001: Hibernate Commons Annotations {5.1.0.Final}
2020-55-12 21:55:54.884 [task-1] INFO  com.zaxxer.hikari.HikariDataSource - HikariPool-1 - Starting...
2020-55-12 21:55:58.425 [task-1] INFO  com.zaxxer.hikari.HikariDataSource - HikariPool-1 - Start completed.
2020-55-12 21:55:58.459 [task-1] INFO  org.hibernate.dialect.Dialect - HHH000400: Using dialect: org.hibernate.dialect.PostgreSQLDialect
2020-56-12 21:56:02.072 [task-1] INFO  org.hibernate.engine.transaction.jta.platform.internal.JtaPlatformInitiator - HHH000490: Using JtaPlatform implementation: [org.hibernate.engine.transaction.jta.platform.internal.NoJtaPlatform]
2020-56-12 21:56:02.081 [task-1] INFO  org.springframework.orm.jpa.LocalContainerEntityManagerFactoryBean - Initialized JPA EntityManagerFactory for persistence unit 'default'
2020-56-12 21:56:02.782 [main] INFO  org.springframework.security.web.DefaultSecurityFilterChain - Creating filter chain: any request, [org.springframework.security.web.context.request.async.WebAsyncManagerIntegrationFilter@71c0b742, org.springframework.security.web.context.SecurityContextPersistenceFilter@241b971f, org.springframework.security.web.header.HeaderWriterFilter@53ea380b, org.springframework.security.web.authentication.logout.LogoutFilter@1edfedf1, org.springframework.security.oauth2.client.web.OAuth2AuthorizationRequestRedirectFilter@222acad, org.springframework.security.oauth2.client.web.OAuth2LoginAuthenticationFilter@149aa7b2, org.springframework.security.web.authentication.UsernamePasswordAuthenticationFilter@9b2dc56, org.springframework.security.web.authentication.ui.DefaultLoginPageGeneratingFilter@256589a1, org.springframework.security.web.authentication.ui.DefaultLogoutPageGeneratingFilter@3bbb8c16, org.springframework.security.web.authentication.www.BasicAuthenticationFilter@4b3a01d8, org.springframework.security.web.savedrequest.RequestCacheAwareFilter@5384ce66, org.springframework.security.web.servletapi.SecurityContextHolderAwareRequestFilter@11c581a0, org.springframework.security.web.authentication.AnonymousAuthenticationFilter@73e1ecd0, org.springframework.security.web.session.SessionManagementFilter@245cb8df, org.springframework.security.web.access.ExceptionTranslationFilter@78116659, org.springframework.security.web.access.intercept.FilterSecurityInterceptor@123307c4]
2020-56-12 21:56:03.517 [main] INFO  org.apache.coyote.http11.Http11NioProtocol - Starting ProtocolHandler ["http-nio-8080"]
2020-56-12 21:56:03.624 [main] INFO  org.springframework.boot.web.embedded.tomcat.TomcatWebServer - Tomcat started on port(s): 8080 (http) with context path ''
2020-56-12 21:56:03.627 [main] INFO  org.springframework.data.repository.config.DeferredRepositoryInitializationListener - Triggering deferred initialization of Spring Data repositories…
2020-56-12 21:56:04.883 [main] INFO  org.springframework.data.repository.config.DeferredRepositoryInitializationListener - Spring Data repositories initialized!
2020-56-12 21:56:04.936 [main] INFO  com.soprabanking.ips.ImprovementProposalSystemApplication - Started ImprovementProposalSystemApplication in 18.34 seconds (JVM running for 22.234)
2020-57-12 21:57:16.528 [http-nio-8080-exec-1] INFO  org.apache.catalina.core.ContainerBase.[Tomcat].[localhost].[/] - Initializing Spring DispatcherServlet 'dispatcherServlet'
2020-57-12 21:57:16.528 [http-nio-8080-exec-1] INFO  org.springframework.web.servlet.DispatcherServlet - Initializing Servlet 'dispatcherServlet'
2020-57-12 21:57:16.548 [http-nio-8080-exec-1] INFO  org.springframework.web.servlet.DispatcherServlet - Completed initialization in 20 ms
2020-57-12 21:57:16.631 [http-nio-8080-exec-1] WARN  org.springframework.web.servlet.mvc.support.DefaultHandlerExceptionResolver - Resolved [org.springframework.web.HttpMediaTypeNotSupportedException: Content type 'text/plain' not supported]
2020-57-12 21:57:35.939 [http-nio-8080-exec-3] INFO  com.soprabanking.ips.controllers.CommentController - Inside CommentController: displayComments() method
2020-57-12 21:57:35.958 [http-nio-8080-exec-3] INFO  com.soprabanking.ips.daos.CommentDAO - Inside com.soprabanking.ips.daos.CommentDAO: fetchAllComments() method
2020-57-12 21:57:36.111 [http-nio-8080-exec-3] INFO  com.soprabanking.ips.controllers.CommentController - Inside CommentController: displayComments() SUCCESS
2020-58-12 21:58:48.221 [main] INFO  com.soprabanking.ips.ImprovementProposalSystemApplication - Starting ImprovementProposalSystemApplication on ITEM-S103119 with PID 312 (C:\Users\japsingh\Downloads\Proposal System\ips\Backend\target\classes started by japsingh in C:\Users\japsingh\Downloads\Proposal System\ips\Backend)
2020-58-12 21:58:48.247 [main] INFO  com.soprabanking.ips.ImprovementProposalSystemApplication - No active profile set, falling back to default profiles: default
2020-58-12 21:58:50.393 [main] INFO  org.springframework.data.repository.config.RepositoryConfigurationDelegate - Bootstrapping Spring Data JPA repositories in DEFERRED mode.
2020-58-12 21:58:50.647 [main] INFO  org.springframework.data.repository.config.RepositoryConfigurationDelegate - Finished Spring Data repository scanning in 242ms. Found 6 JPA repository interfaces.
2020-58-12 21:58:52.363 [main] INFO  org.springframework.boot.web.embedded.tomcat.TomcatWebServer - Tomcat initialized with port(s): 8080 (http)
2020-58-12 21:58:52.389 [main] INFO  org.apache.coyote.http11.Http11NioProtocol - Initializing ProtocolHandler ["http-nio-8080"]
2020-58-12 21:58:52.392 [main] INFO  org.apache.catalina.core.StandardService - Starting service [Tomcat]
2020-58-12 21:58:52.394 [main] INFO  org.apache.catalina.core.StandardEngine - Starting Servlet engine: [Apache Tomcat/9.0.38]
2020-58-12 21:58:52.961 [main] INFO  org.apache.catalina.core.ContainerBase.[Tomcat].[localhost].[/] - Initializing Spring embedded WebApplicationContext
2020-58-12 21:58:52.961 [main] INFO  org.springframework.boot.web.servlet.context.ServletWebServerApplicationContext - Root WebApplicationContext: initialization completed in 4610 ms
2020-58-12 21:58:53.204 [main] INFO  org.springframework.scheduling.concurrent.ThreadPoolTaskExecutor - Initializing ExecutorService 'applicationTaskExecutor'
2020-58-12 21:58:53.260 [task-1] INFO  org.hibernate.jpa.internal.util.LogHelper - HHH000204: Processing PersistenceUnitInfo [name: default]
2020-58-12 21:58:53.347 [task-1] INFO  org.hibernate.Version - HHH000412: Hibernate ORM core version 5.4.21.Final
2020-58-12 21:58:53.357 [main] WARN  org.springframework.boot.autoconfigure.orm.jpa.JpaBaseConfiguration$JpaWebConfiguration - spring.jpa.open-in-view is enabled by default. Therefore, database queries may be performed during view rendering. Explicitly configure spring.jpa.open-in-view to disable this warning
2020-58-12 21:58:53.486 [task-1] INFO  org.hibernate.annotations.common.Version - HCANN000001: Hibernate Commons Annotations {5.1.0.Final}
2020-58-12 21:58:53.616 [task-1] INFO  com.zaxxer.hikari.HikariDataSource - HikariPool-1 - Starting...
2020-58-12 21:58:54.446 [task-1] INFO  com.zaxxer.hikari.HikariDataSource - HikariPool-1 - Start completed.
2020-58-12 21:58:54.469 [task-1] INFO  org.hibernate.dialect.Dialect - HHH000400: Using dialect: org.hibernate.dialect.PostgreSQLDialect
2020-58-12 21:58:56.781 [task-1] INFO  org.hibernate.engine.transaction.jta.platform.internal.JtaPlatformInitiator - HHH000490: Using JtaPlatform implementation: [org.hibernate.engine.transaction.jta.platform.internal.NoJtaPlatform]
2020-58-12 21:58:56.801 [task-1] INFO  org.springframework.orm.jpa.LocalContainerEntityManagerFactoryBean - Initialized JPA EntityManagerFactory for persistence unit 'default'
2020-58-12 21:58:57.237 [main] INFO  org.springframework.security.web.DefaultSecurityFilterChain - Creating filter chain: any request, [org.springframework.security.web.context.request.async.WebAsyncManagerIntegrationFilter@781654f8, org.springframework.security.web.context.SecurityContextPersistenceFilter@578c3fd9, org.springframework.security.web.header.HeaderWriterFilter@47187f50, org.springframework.security.web.authentication.logout.LogoutFilter@56fda064, org.springframework.security.oauth2.client.web.OAuth2AuthorizationRequestRedirectFilter@56a05324, org.springframework.security.oauth2.client.web.OAuth2LoginAuthenticationFilter@222acad, org.springframework.security.web.authentication.UsernamePasswordAuthenticationFilter@47058864, org.springframework.security.web.authentication.ui.DefaultLoginPageGeneratingFilter@4f3c7808, org.springframework.security.web.authentication.ui.DefaultLogoutPageGeneratingFilter@2abc55c4, org.springframework.security.web.authentication.www.BasicAuthenticationFilter@5520f675, org.springframework.security.web.savedrequest.RequestCacheAwareFilter@26b3c9a2, org.springframework.security.web.servletapi.SecurityContextHolderAwareRequestFilter@19a5b637, org.springframework.security.web.authentication.AnonymousAuthenticationFilter@4e958f08, org.springframework.security.web.session.SessionManagementFilter@712e787e, org.springframework.security.web.access.ExceptionTranslationFilter@788e3702, org.springframework.security.web.access.intercept.FilterSecurityInterceptor@35563e4c]
2020-58-12 21:58:57.724 [main] INFO  org.apache.coyote.http11.Http11NioProtocol - Starting ProtocolHandler ["http-nio-8080"]
2020-58-12 21:58:57.808 [main] INFO  org.springframework.boot.web.embedded.tomcat.TomcatWebServer - Tomcat started on port(s): 8080 (http) with context path ''
2020-58-12 21:58:57.813 [main] INFO  org.springframework.data.repository.config.DeferredRepositoryInitializationListener - Triggering deferred initialization of Spring Data repositories…
2020-58-12 21:58:58.604 [main] INFO  org.springframework.data.repository.config.DeferredRepositoryInitializationListener - Spring Data repositories initialized!
2020-58-12 21:58:58.626 [main] INFO  com.soprabanking.ips.ImprovementProposalSystemApplication - Started ImprovementProposalSystemApplication in 11.245 seconds (JVM running for 15.412)
2020-59-12 21:59:13.182 [http-nio-8080-exec-2] INFO  org.apache.catalina.core.ContainerBase.[Tomcat].[localhost].[/] - Initializing Spring DispatcherServlet 'dispatcherServlet'
2020-59-12 21:59:13.182 [http-nio-8080-exec-2] INFO  org.springframework.web.servlet.DispatcherServlet - Initializing Servlet 'dispatcherServlet'
2020-59-12 21:59:13.198 [http-nio-8080-exec-2] INFO  org.springframework.web.servlet.DispatcherServlet - Completed initialization in 16 ms
2020-59-12 21:59:13.311 [http-nio-8080-exec-2] INFO  com.soprabanking.ips.controllers.CommentController - Inside CommentController: displayComments() method
2020-59-12 21:59:13.337 [http-nio-8080-exec-2] INFO  com.soprabanking.ips.daos.CommentDAO - Inside CommentDAO: fetchAllComments() method
2020-59-12 21:59:13.438 [http-nio-8080-exec-2] INFO  com.soprabanking.ips.controllers.CommentController - Inside CommentController: displayComments() SUCCESS
2020-00-12 22:00:42.626 [main] INFO  com.soprabanking.ips.ImprovementProposalSystemApplication - Starting ImprovementProposalSystemApplication on ITEM-S103119 with PID 11452 (C:\Users\japsingh\Downloads\Proposal System\ips\Backend\target\classes started by japsingh in C:\Users\japsingh\Downloads\Proposal System\ips\Backend)
2020-00-12 22:00:42.639 [main] INFO  com.soprabanking.ips.ImprovementProposalSystemApplication - No active profile set, falling back to default profiles: default
2020-00-12 22:00:43.851 [main] INFO  org.springframework.data.repository.config.RepositoryConfigurationDelegate - Bootstrapping Spring Data JPA repositories in DEFERRED mode.
2020-00-12 22:00:44.022 [main] INFO  org.springframework.data.repository.config.RepositoryConfigurationDelegate - Finished Spring Data repository scanning in 159ms. Found 6 JPA repository interfaces.
2020-00-12 22:00:44.679 [main] INFO  org.springframework.boot.web.embedded.tomcat.TomcatWebServer - Tomcat initialized with port(s): 8080 (http)
2020-00-12 22:00:44.693 [main] INFO  org.apache.coyote.http11.Http11NioProtocol - Initializing ProtocolHandler ["http-nio-8080"]
2020-00-12 22:00:44.693 [main] INFO  org.apache.catalina.core.StandardService - Starting service [Tomcat]
2020-00-12 22:00:44.695 [main] INFO  org.apache.catalina.core.StandardEngine - Starting Servlet engine: [Apache Tomcat/9.0.38]
2020-00-12 22:00:45.141 [main] INFO  org.apache.catalina.core.ContainerBase.[Tomcat].[localhost].[/] - Initializing Spring embedded WebApplicationContext
2020-00-12 22:00:45.142 [main] INFO  org.springframework.boot.web.servlet.context.ServletWebServerApplicationContext - Root WebApplicationContext: initialization completed in 2427 ms
2020-00-12 22:00:45.400 [main] INFO  org.springframework.scheduling.concurrent.ThreadPoolTaskExecutor - Initializing ExecutorService 'applicationTaskExecutor'
2020-00-12 22:00:45.463 [task-1] INFO  org.hibernate.jpa.internal.util.LogHelper - HHH000204: Processing PersistenceUnitInfo [name: default]
2020-00-12 22:00:45.534 [task-1] INFO  org.hibernate.Version - HHH000412: Hibernate ORM core version 5.4.21.Final
2020-00-12 22:00:45.552 [main] WARN  org.springframework.boot.autoconfigure.orm.jpa.JpaBaseConfiguration$JpaWebConfiguration - spring.jpa.open-in-view is enabled by default. Therefore, database queries may be performed during view rendering. Explicitly configure spring.jpa.open-in-view to disable this warning
2020-00-12 22:00:45.723 [task-1] INFO  org.hibernate.annotations.common.Version - HCANN000001: Hibernate Commons Annotations {5.1.0.Final}
2020-00-12 22:00:45.880 [task-1] INFO  com.zaxxer.hikari.HikariDataSource - HikariPool-1 - Starting...
2020-00-12 22:00:46.617 [task-1] INFO  com.zaxxer.hikari.HikariDataSource - HikariPool-1 - Start completed.
2020-00-12 22:00:46.634 [task-1] INFO  org.hibernate.dialect.Dialect - HHH000400: Using dialect: org.hibernate.dialect.PostgreSQLDialect
2020-00-12 22:00:49.111 [task-1] INFO  org.hibernate.engine.transaction.jta.platform.internal.JtaPlatformInitiator - HHH000490: Using JtaPlatform implementation: [org.hibernate.engine.transaction.jta.platform.internal.NoJtaPlatform]
2020-00-12 22:00:49.122 [task-1] INFO  org.springframework.orm.jpa.LocalContainerEntityManagerFactoryBean - Initialized JPA EntityManagerFactory for persistence unit 'default'
2020-00-12 22:00:49.499 [main] INFO  org.springframework.security.web.DefaultSecurityFilterChain - Creating filter chain: any request, [org.springframework.security.web.context.request.async.WebAsyncManagerIntegrationFilter@3bbb8c16, org.springframework.security.web.context.SecurityContextPersistenceFilter@125f16b2, org.springframework.security.web.header.HeaderWriterFilter@578c3fd9, org.springframework.security.web.authentication.logout.LogoutFilter@251a90ce, org.springframework.security.oauth2.client.web.OAuth2AuthorizationRequestRedirectFilter@56cfe6be, org.springframework.security.oauth2.client.web.OAuth2LoginAuthenticationFilter@3ca3648, org.springframework.security.web.authentication.UsernamePasswordAuthenticationFilter@621f23ac, org.springframework.security.web.authentication.ui.DefaultLoginPageGeneratingFilter@935493d, org.springframework.security.web.authentication.ui.DefaultLogoutPageGeneratingFilter@73e1ecd0, org.springframework.security.web.authentication.www.BasicAuthenticationFilter@19fbc594, org.springframework.security.web.savedrequest.RequestCacheAwareFilter@6b42e36d, org.springframework.security.web.servletapi.SecurityContextHolderAwareRequestFilter@256589a1, org.springframework.security.web.authentication.AnonymousAuthenticationFilter@11eec06b, org.springframework.security.web.session.SessionManagementFilter@26b3c9a2, org.springframework.security.web.access.ExceptionTranslationFilter@712e787e, org.springframework.security.web.access.intercept.FilterSecurityInterceptor@1693ff90]
2020-00-12 22:00:49.996 [main] INFO  org.apache.coyote.http11.Http11NioProtocol - Starting ProtocolHandler ["http-nio-8080"]
2020-00-12 22:00:50.038 [main] INFO  org.springframework.boot.web.embedded.tomcat.TomcatWebServer - Tomcat started on port(s): 8080 (http) with context path ''
2020-00-12 22:00:50.044 [main] INFO  org.springframework.data.repository.config.DeferredRepositoryInitializationListener - Triggering deferred initialization of Spring Data repositories…
2020-00-12 22:00:50.610 [main] INFO  org.springframework.data.repository.config.DeferredRepositoryInitializationListener - Spring Data repositories initialized!
2020-00-12 22:00:50.629 [main] INFO  com.soprabanking.ips.ImprovementProposalSystemApplication - Started ImprovementProposalSystemApplication in 8.523 seconds (JVM running for 10.635)
2020-31-12 22:31:38.668 [main] INFO  com.soprabanking.ips.ImprovementProposalSystemApplication - Starting ImprovementProposalSystemApplication on ITEM-S103119 with PID 5076 (C:\Users\japsingh\Downloads\Proposal System\ips\Backend\target\classes started by japsingh in C:\Users\japsingh\Downloads\Proposal System\ips\Backend)
2020-31-12 22:31:38.684 [main] INFO  com.soprabanking.ips.ImprovementProposalSystemApplication - No active profile set, falling back to default profiles: default
2020-31-12 22:31:40.262 [main] INFO  org.springframework.data.repository.config.RepositoryConfigurationDelegate - Bootstrapping Spring Data JPA repositories in DEFERRED mode.
2020-31-12 22:31:40.452 [main] INFO  org.springframework.data.repository.config.RepositoryConfigurationDelegate - Finished Spring Data repository scanning in 175ms. Found 6 JPA repository interfaces.
2020-31-12 22:31:41.186 [main] INFO  org.springframework.boot.web.embedded.tomcat.TomcatWebServer - Tomcat initialized with port(s): 8080 (http)
2020-31-12 22:31:41.203 [main] INFO  org.apache.coyote.http11.Http11NioProtocol - Initializing ProtocolHandler ["http-nio-8080"]
2020-31-12 22:31:41.212 [main] INFO  org.apache.catalina.core.StandardService - Starting service [Tomcat]
2020-31-12 22:31:41.212 [main] INFO  org.apache.catalina.core.StandardEngine - Starting Servlet engine: [Apache Tomcat/9.0.38]
2020-31-12 22:31:41.838 [main] INFO  org.apache.catalina.core.ContainerBase.[Tomcat].[localhost].[/] - Initializing Spring embedded WebApplicationContext
2020-31-12 22:31:41.838 [main] INFO  org.springframework.boot.web.servlet.context.ServletWebServerApplicationContext - Root WebApplicationContext: initialization completed in 3095 ms
2020-31-12 22:31:42.009 [main] INFO  org.springframework.scheduling.concurrent.ThreadPoolTaskExecutor - Initializing ExecutorService 'applicationTaskExecutor'
2020-31-12 22:31:42.055 [task-1] INFO  org.hibernate.jpa.internal.util.LogHelper - HHH000204: Processing PersistenceUnitInfo [name: default]
2020-31-12 22:31:42.113 [task-1] INFO  org.hibernate.Version - HHH000412: Hibernate ORM core version 5.4.21.Final
2020-31-12 22:31:42.132 [main] WARN  org.springframework.boot.autoconfigure.orm.jpa.JpaBaseConfiguration$JpaWebConfiguration - spring.jpa.open-in-view is enabled by default. Therefore, database queries may be performed during view rendering. Explicitly configure spring.jpa.open-in-view to disable this warning
2020-31-12 22:31:42.241 [task-1] INFO  org.hibernate.annotations.common.Version - HCANN000001: Hibernate Commons Annotations {5.1.0.Final}
2020-31-12 22:31:42.341 [task-1] INFO  com.zaxxer.hikari.HikariDataSource - HikariPool-1 - Starting...
2020-31-12 22:31:42.995 [task-1] INFO  com.zaxxer.hikari.HikariDataSource - HikariPool-1 - Start completed.
2020-31-12 22:31:43.032 [task-1] INFO  org.hibernate.dialect.Dialect - HHH000400: Using dialect: org.hibernate.dialect.PostgreSQLDialect
2020-31-12 22:31:45.407 [task-1] INFO  org.hibernate.engine.transaction.jta.platform.internal.JtaPlatformInitiator - HHH000490: Using JtaPlatform implementation: [org.hibernate.engine.transaction.jta.platform.internal.NoJtaPlatform]
2020-31-12 22:31:45.420 [task-1] INFO  org.springframework.orm.jpa.LocalContainerEntityManagerFactoryBean - Initialized JPA EntityManagerFactory for persistence unit 'default'
2020-31-12 22:31:45.907 [main] INFO  org.springframework.security.web.DefaultSecurityFilterChain - Creating filter chain: any request, [org.springframework.security.web.context.request.async.WebAsyncManagerIntegrationFilter@781654f8, org.springframework.security.web.context.SecurityContextPersistenceFilter@578c3fd9, org.springframework.security.web.header.HeaderWriterFilter@47187f50, org.springframework.security.web.authentication.logout.LogoutFilter@56fda064, org.springframework.security.oauth2.client.web.OAuth2AuthorizationRequestRedirectFilter@56a05324, org.springframework.security.oauth2.client.web.OAuth2LoginAuthenticationFilter@222acad, org.springframework.security.web.authentication.UsernamePasswordAuthenticationFilter@47058864, org.springframework.security.web.authentication.ui.DefaultLoginPageGeneratingFilter@4f3c7808, org.springframework.security.web.authentication.ui.DefaultLogoutPageGeneratingFilter@2abc55c4, org.springframework.security.web.authentication.www.BasicAuthenticationFilter@5520f675, org.springframework.security.web.savedrequest.RequestCacheAwareFilter@26b3c9a2, org.springframework.security.web.servletapi.SecurityContextHolderAwareRequestFilter@19a5b637, org.springframework.security.web.authentication.AnonymousAuthenticationFilter@4e958f08, org.springframework.security.web.session.SessionManagementFilter@712e787e, org.springframework.security.web.access.ExceptionTranslationFilter@788e3702, org.springframework.security.web.access.intercept.FilterSecurityInterceptor@35563e4c]
2020-31-12 22:31:46.371 [main] INFO  org.apache.coyote.http11.Http11NioProtocol - Starting ProtocolHandler ["http-nio-8080"]
2020-31-12 22:31:46.420 [main] INFO  org.springframework.boot.web.embedded.tomcat.TomcatWebServer - Tomcat started on port(s): 8080 (http) with context path ''
2020-31-12 22:31:46.422 [main] INFO  org.springframework.data.repository.config.DeferredRepositoryInitializationListener - Triggering deferred initialization of Spring Data repositories…
2020-31-12 22:31:47.018 [main] INFO  org.springframework.data.repository.config.DeferredRepositoryInitializationListener - Spring Data repositories initialized!
2020-31-12 22:31:47.034 [main] INFO  com.soprabanking.ips.ImprovementProposalSystemApplication - Started ImprovementProposalSystemApplication in 8.926 seconds (JVM running for 11.037)
2020-31-12 22:31:53.676 [http-nio-8080-exec-1] INFO  org.apache.catalina.core.ContainerBase.[Tomcat].[localhost].[/] - Initializing Spring DispatcherServlet 'dispatcherServlet'
2020-31-12 22:31:53.677 [http-nio-8080-exec-1] INFO  org.springframework.web.servlet.DispatcherServlet - Initializing Servlet 'dispatcherServlet'
2020-31-12 22:31:53.692 [http-nio-8080-exec-1] INFO  org.springframework.web.servlet.DispatcherServlet - Completed initialization in 14 ms
2020-31-12 22:31:53.775 [http-nio-8080-exec-1] INFO  com.soprabanking.ips.controllers.CommentController - Inside CommentController: displayComments() method
2020-31-12 22:31:53.776 [http-nio-8080-exec-1] INFO  com.soprabanking.ips.services.CommentService - Inside CommentService: displayComments() method
2020-31-12 22:31:53.796 [http-nio-8080-exec-1] INFO  com.soprabanking.ips.daos.CommentDAO - Inside CommentDAO: fetchAllComments() method
2020-31-12 22:31:53.874 [http-nio-8080-exec-1] INFO  com.soprabanking.ips.services.CommentService - Inside CommentService: displayComments() SUCCESS
2020-31-12 22:31:53.874 [http-nio-8080-exec-1] INFO  com.soprabanking.ips.controllers.CommentController - Inside CommentController: displayComments() SUCCESS
2020-32-12 22:32:55.627 [main] INFO  com.soprabanking.ips.ImprovementProposalSystemApplication - Starting ImprovementProposalSystemApplication on ITEM-S103119 with PID 10380 (C:\Users\japsingh\Downloads\Proposal System\ips\Backend\target\classes started by japsingh in C:\Users\japsingh\Downloads\Proposal System\ips\Backend)
2020-32-12 22:32:55.640 [main] INFO  com.soprabanking.ips.ImprovementProposalSystemApplication - No active profile set, falling back to default profiles: default
2020-32-12 22:32:56.759 [main] INFO  org.springframework.data.repository.config.RepositoryConfigurationDelegate - Bootstrapping Spring Data JPA repositories in DEFERRED mode.
2020-32-12 22:32:56.922 [main] INFO  org.springframework.data.repository.config.RepositoryConfigurationDelegate - Finished Spring Data repository scanning in 156ms. Found 6 JPA repository interfaces.
2020-32-12 22:32:57.553 [main] INFO  org.springframework.boot.web.embedded.tomcat.TomcatWebServer - Tomcat initialized with port(s): 8080 (http)
2020-32-12 22:32:57.561 [main] INFO  org.apache.coyote.http11.Http11NioProtocol - Initializing ProtocolHandler ["http-nio-8080"]
2020-32-12 22:32:57.561 [main] INFO  org.apache.catalina.core.StandardService - Starting service [Tomcat]
2020-32-12 22:32:57.568 [main] INFO  org.apache.catalina.core.StandardEngine - Starting Servlet engine: [Apache Tomcat/9.0.38]
2020-32-12 22:32:58.174 [main] INFO  org.apache.catalina.core.ContainerBase.[Tomcat].[localhost].[/] - Initializing Spring embedded WebApplicationContext
2020-32-12 22:32:58.174 [main] INFO  org.springframework.boot.web.servlet.context.ServletWebServerApplicationContext - Root WebApplicationContext: initialization completed in 2480 ms
2020-32-12 22:32:58.372 [main] INFO  org.springframework.scheduling.concurrent.ThreadPoolTaskExecutor - Initializing ExecutorService 'applicationTaskExecutor'
2020-32-12 22:32:58.430 [task-1] INFO  org.hibernate.jpa.internal.util.LogHelper - HHH000204: Processing PersistenceUnitInfo [name: default]
2020-32-12 22:32:58.480 [task-1] INFO  org.hibernate.Version - HHH000412: Hibernate ORM core version 5.4.21.Final
2020-32-12 22:32:58.488 [main] WARN  org.springframework.boot.autoconfigure.orm.jpa.JpaBaseConfiguration$JpaWebConfiguration - spring.jpa.open-in-view is enabled by default. Therefore, database queries may be performed during view rendering. Explicitly configure spring.jpa.open-in-view to disable this warning
2020-32-12 22:32:58.614 [task-1] INFO  org.hibernate.annotations.common.Version - HCANN000001: Hibernate Commons Annotations {5.1.0.Final}
2020-32-12 22:32:58.740 [task-1] INFO  com.zaxxer.hikari.HikariDataSource - HikariPool-1 - Starting...
2020-32-12 22:32:59.215 [task-1] INFO  com.zaxxer.hikari.HikariDataSource - HikariPool-1 - Start completed.
2020-32-12 22:32:59.236 [task-1] INFO  org.hibernate.dialect.Dialect - HHH000400: Using dialect: org.hibernate.dialect.PostgreSQLDialect
2020-33-12 22:33:01.780 [task-1] INFO  org.hibernate.engine.transaction.jta.platform.internal.JtaPlatformInitiator - HHH000490: Using JtaPlatform implementation: [org.hibernate.engine.transaction.jta.platform.internal.NoJtaPlatform]
2020-33-12 22:33:01.806 [task-1] INFO  org.springframework.orm.jpa.LocalContainerEntityManagerFactoryBean - Initialized JPA EntityManagerFactory for persistence unit 'default'
2020-33-12 22:33:02.277 [main] INFO  org.springframework.security.web.DefaultSecurityFilterChain - Creating filter chain: any request, [org.springframework.security.web.context.request.async.WebAsyncManagerIntegrationFilter@2a99ca99, org.springframework.security.web.context.SecurityContextPersistenceFilter@712e787e, org.springframework.security.web.header.HeaderWriterFilter@788e3702, org.springframework.security.web.authentication.logout.LogoutFilter@3a6e9856, org.springframework.security.oauth2.client.web.OAuth2AuthorizationRequestRedirectFilter@7f2b584b, org.springframework.security.oauth2.client.web.OAuth2LoginAuthenticationFilter@11e71181, org.springframework.security.web.authentication.UsernamePasswordAuthenticationFilter@123307c4, org.springframework.security.web.authentication.ui.DefaultLoginPageGeneratingFilter@2aee0704, org.springframework.security.web.authentication.ui.DefaultLogoutPageGeneratingFilter@39f0c343, org.springframework.security.web.authentication.www.BasicAuthenticationFilter@51f68849, org.springframework.security.web.savedrequest.RequestCacheAwareFilter@578c3fd9, org.springframework.security.web.servletapi.SecurityContextHolderAwareRequestFilter@70be89ec, org.springframework.security.web.authentication.AnonymousAuthenticationFilter@781654f8, org.springframework.security.web.session.SessionManagementFilter@47187f50, org.springframework.security.web.access.ExceptionTranslationFilter@e3899fd, org.springframework.security.web.access.intercept.FilterSecurityInterceptor@7af327e3]
2020-33-12 22:33:02.765 [main] INFO  org.apache.coyote.http11.Http11NioProtocol - Starting ProtocolHandler ["http-nio-8080"]
2020-33-12 22:33:02.809 [main] INFO  org.springframework.boot.web.embedded.tomcat.TomcatWebServer - Tomcat started on port(s): 8080 (http) with context path ''
2020-33-12 22:33:02.809 [main] INFO  org.springframework.data.repository.config.DeferredRepositoryInitializationListener - Triggering deferred initialization of Spring Data repositories…
2020-33-12 22:33:03.337 [main] INFO  org.springframework.data.repository.config.DeferredRepositoryInitializationListener - Spring Data repositories initialized!
2020-33-12 22:33:03.354 [main] INFO  com.soprabanking.ips.ImprovementProposalSystemApplication - Started ImprovementProposalSystemApplication in 8.214 seconds (JVM running for 10.303)
2020-33-12 22:33:12.010 [http-nio-8080-exec-1] INFO  org.apache.catalina.core.ContainerBase.[Tomcat].[localhost].[/] - Initializing Spring DispatcherServlet 'dispatcherServlet'
2020-33-12 22:33:12.011 [http-nio-8080-exec-1] INFO  org.springframework.web.servlet.DispatcherServlet - Initializing Servlet 'dispatcherServlet'
2020-33-12 22:33:12.024 [http-nio-8080-exec-1] INFO  org.springframework.web.servlet.DispatcherServlet - Completed initialization in 12 ms
2020-33-12 22:33:12.101 [http-nio-8080-exec-1] INFO  com.soprabanking.ips.controllers.CommentController - Inside CommentController: displayComments() method
2020-33-12 22:33:12.102 [http-nio-8080-exec-1] INFO  com.soprabanking.ips.services.CommentService - Inside CommentService: displayComments() method
2020-33-12 22:33:12.124 [http-nio-8080-exec-1] INFO  com.soprabanking.ips.daos.CommentDAO - Inside CommentDAO: fetchAllComments() method
2020-33-12 22:33:12.198 [http-nio-8080-exec-1] INFO  com.soprabanking.ips.services.CommentService - Inside CommentService: displayComments() SUCCESS
2020-33-12 22:33:12.198 [http-nio-8080-exec-1] INFO  com.soprabanking.ips.controllers.CommentController - Inside CommentController: displayComments() SUCCESS
2020-33-12 22:33:52.226 [main] INFO  com.soprabanking.ips.ImprovementProposalSystemApplication - Starting ImprovementProposalSystemApplication on ITEM-S103119 with PID 11500 (C:\Users\japsingh\Downloads\Proposal System\ips\Backend\target\classes started by japsingh in C:\Users\japsingh\Downloads\Proposal System\ips\Backend)
2020-33-12 22:33:52.238 [main] INFO  com.soprabanking.ips.ImprovementProposalSystemApplication - No active profile set, falling back to default profiles: default
2020-33-12 22:33:53.518 [main] INFO  org.springframework.data.repository.config.RepositoryConfigurationDelegate - Bootstrapping Spring Data JPA repositories in DEFERRED mode.
2020-33-12 22:33:53.670 [main] INFO  org.springframework.data.repository.config.RepositoryConfigurationDelegate - Finished Spring Data repository scanning in 144ms. Found 6 JPA repository interfaces.
2020-33-12 22:33:54.277 [main] INFO  org.springframework.boot.web.embedded.tomcat.TomcatWebServer - Tomcat initialized with port(s): 8080 (http)
2020-33-12 22:33:54.293 [main] INFO  org.apache.coyote.http11.Http11NioProtocol - Initializing ProtocolHandler ["http-nio-8080"]
2020-33-12 22:33:54.294 [main] INFO  org.apache.catalina.core.StandardService - Starting service [Tomcat]
2020-33-12 22:33:54.295 [main] INFO  org.apache.catalina.core.StandardEngine - Starting Servlet engine: [Apache Tomcat/9.0.38]
2020-33-12 22:33:54.806 [main] INFO  org.apache.catalina.core.ContainerBase.[Tomcat].[localhost].[/] - Initializing Spring embedded WebApplicationContext
2020-33-12 22:33:54.806 [main] INFO  org.springframework.boot.web.servlet.context.ServletWebServerApplicationContext - Root WebApplicationContext: initialization completed in 2509 ms
2020-33-12 22:33:55.061 [main] INFO  org.springframework.scheduling.concurrent.ThreadPoolTaskExecutor - Initializing ExecutorService 'applicationTaskExecutor'
2020-33-12 22:33:55.105 [task-1] INFO  org.hibernate.jpa.internal.util.LogHelper - HHH000204: Processing PersistenceUnitInfo [name: default]
2020-33-12 22:33:55.162 [task-1] INFO  org.hibernate.Version - HHH000412: Hibernate ORM core version 5.4.21.Final
2020-33-12 22:33:55.180 [main] WARN  org.springframework.boot.autoconfigure.orm.jpa.JpaBaseConfiguration$JpaWebConfiguration - spring.jpa.open-in-view is enabled by default. Therefore, database queries may be performed during view rendering. Explicitly configure spring.jpa.open-in-view to disable this warning
2020-33-12 22:33:55.285 [task-1] INFO  org.hibernate.annotations.common.Version - HCANN000001: Hibernate Commons Annotations {5.1.0.Final}
2020-33-12 22:33:55.409 [task-1] INFO  com.zaxxer.hikari.HikariDataSource - HikariPool-1 - Starting...
2020-33-12 22:33:55.966 [task-1] INFO  com.zaxxer.hikari.HikariDataSource - HikariPool-1 - Start completed.
2020-33-12 22:33:55.997 [task-1] INFO  org.hibernate.dialect.Dialect - HHH000400: Using dialect: org.hibernate.dialect.PostgreSQLDialect
2020-33-12 22:33:58.273 [task-1] INFO  org.hibernate.engine.transaction.jta.platform.internal.JtaPlatformInitiator - HHH000490: Using JtaPlatform implementation: [org.hibernate.engine.transaction.jta.platform.internal.NoJtaPlatform]
2020-33-12 22:33:58.285 [task-1] INFO  org.springframework.orm.jpa.LocalContainerEntityManagerFactoryBean - Initialized JPA EntityManagerFactory for persistence unit 'default'
2020-33-12 22:33:58.754 [main] INFO  org.springframework.security.web.DefaultSecurityFilterChain - Creating filter chain: any request, [org.springframework.security.web.context.request.async.WebAsyncManagerIntegrationFilter@2a99ca99, org.springframework.security.web.context.SecurityContextPersistenceFilter@712e787e, org.springframework.security.web.header.HeaderWriterFilter@788e3702, org.springframework.security.web.authentication.logout.LogoutFilter@3a6e9856, org.springframework.security.oauth2.client.web.OAuth2AuthorizationRequestRedirectFilter@7f2b584b, org.springframework.security.oauth2.client.web.OAuth2LoginAuthenticationFilter@11e71181, org.springframework.security.web.authentication.UsernamePasswordAuthenticationFilter@123307c4, org.springframework.security.web.authentication.ui.DefaultLoginPageGeneratingFilter@2aee0704, org.springframework.security.web.authentication.ui.DefaultLogoutPageGeneratingFilter@39f0c343, org.springframework.security.web.authentication.www.BasicAuthenticationFilter@51f68849, org.springframework.security.web.savedrequest.RequestCacheAwareFilter@578c3fd9, org.springframework.security.web.servletapi.SecurityContextHolderAwareRequestFilter@70be89ec, org.springframework.security.web.authentication.AnonymousAuthenticationFilter@781654f8, org.springframework.security.web.session.SessionManagementFilter@47187f50, org.springframework.security.web.access.ExceptionTranslationFilter@e3899fd, org.springframework.security.web.access.intercept.FilterSecurityInterceptor@7af327e3]
2020-33-12 22:33:59.239 [main] INFO  org.apache.coyote.http11.Http11NioProtocol - Starting ProtocolHandler ["http-nio-8080"]
2020-33-12 22:33:59.303 [main] INFO  org.springframework.boot.web.embedded.tomcat.TomcatWebServer - Tomcat started on port(s): 8080 (http) with context path ''
2020-33-12 22:33:59.305 [main] INFO  org.springframework.data.repository.config.DeferredRepositoryInitializationListener - Triggering deferred initialization of Spring Data repositories…
2020-33-12 22:33:59.880 [main] INFO  org.springframework.data.repository.config.DeferredRepositoryInitializationListener - Spring Data repositories initialized!
2020-33-12 22:33:59.894 [main] INFO  com.soprabanking.ips.ImprovementProposalSystemApplication - Started ImprovementProposalSystemApplication in 8.124 seconds (JVM running for 10.585)
2020-34-12 22:34:06.053 [http-nio-8080-exec-2] INFO  org.apache.catalina.core.ContainerBase.[Tomcat].[localhost].[/] - Initializing Spring DispatcherServlet 'dispatcherServlet'
2020-34-12 22:34:06.053 [http-nio-8080-exec-2] INFO  org.springframework.web.servlet.DispatcherServlet - Initializing Servlet 'dispatcherServlet'
2020-34-12 22:34:06.069 [http-nio-8080-exec-2] INFO  org.springframework.web.servlet.DispatcherServlet - Completed initialization in 15 ms
2020-34-12 22:34:06.151 [http-nio-8080-exec-2] INFO  com.soprabanking.ips.controllers.CommentController - Inside CommentController: displayComments() method
2020-34-12 22:34:06.152 [http-nio-8080-exec-2] INFO  com.soprabanking.ips.services.CommentService - Inside CommentService: displayComments() method
2020-34-12 22:34:06.178 [http-nio-8080-exec-2] INFO  com.soprabanking.ips.daos.CommentDAO - Inside CommentDAO: fetchAllComments() method
2020-34-12 22:34:06.257 [http-nio-8080-exec-2] INFO  com.soprabanking.ips.services.CommentService - Inside CommentService: displayComments() SUCCESS
2020-34-12 22:34:06.257 [http-nio-8080-exec-2] INFO  com.soprabanking.ips.controllers.CommentController - Inside CommentController: displayComments() SUCCESS
2020-34-12 22:34:35.566 [main] INFO  com.soprabanking.ips.ImprovementProposalSystemApplication - Starting ImprovementProposalSystemApplication on ITEM-S103119 with PID 13576 (C:\Users\japsingh\Downloads\Proposal System\ips\Backend\target\classes started by japsingh in C:\Users\japsingh\Downloads\Proposal System\ips\Backend)
2020-34-12 22:34:35.579 [main] INFO  com.soprabanking.ips.ImprovementProposalSystemApplication - No active profile set, falling back to default profiles: default
2020-34-12 22:34:36.742 [main] INFO  org.springframework.data.repository.config.RepositoryConfigurationDelegate - Bootstrapping Spring Data JPA repositories in DEFERRED mode.
2020-34-12 22:34:36.929 [main] INFO  org.springframework.data.repository.config.RepositoryConfigurationDelegate - Finished Spring Data repository scanning in 176ms. Found 6 JPA repository interfaces.
2020-34-12 22:34:37.562 [main] INFO  org.springframework.boot.web.embedded.tomcat.TomcatWebServer - Tomcat initialized with port(s): 8080 (http)
2020-34-12 22:34:37.571 [main] INFO  org.apache.coyote.http11.Http11NioProtocol - Initializing ProtocolHandler ["http-nio-8080"]
2020-34-12 22:34:37.579 [main] INFO  org.apache.catalina.core.StandardService - Starting service [Tomcat]
2020-34-12 22:34:37.581 [main] INFO  org.apache.catalina.core.StandardEngine - Starting Servlet engine: [Apache Tomcat/9.0.38]
2020-34-12 22:34:38.161 [main] INFO  org.apache.catalina.core.ContainerBase.[Tomcat].[localhost].[/] - Initializing Spring embedded WebApplicationContext
2020-34-12 22:34:38.161 [main] INFO  org.springframework.boot.web.servlet.context.ServletWebServerApplicationContext - Root WebApplicationContext: initialization completed in 2520 ms
2020-34-12 22:34:38.350 [main] INFO  org.springframework.scheduling.concurrent.ThreadPoolTaskExecutor - Initializing ExecutorService 'applicationTaskExecutor'
2020-34-12 22:34:38.396 [task-1] INFO  org.hibernate.jpa.internal.util.LogHelper - HHH000204: Processing PersistenceUnitInfo [name: default]
2020-34-12 22:34:38.451 [task-1] INFO  org.hibernate.Version - HHH000412: Hibernate ORM core version 5.4.21.Final
2020-34-12 22:34:38.468 [main] WARN  org.springframework.boot.autoconfigure.orm.jpa.JpaBaseConfiguration$JpaWebConfiguration - spring.jpa.open-in-view is enabled by default. Therefore, database queries may be performed during view rendering. Explicitly configure spring.jpa.open-in-view to disable this warning
2020-34-12 22:34:38.574 [task-1] INFO  org.hibernate.annotations.common.Version - HCANN000001: Hibernate Commons Annotations {5.1.0.Final}
2020-34-12 22:34:38.674 [task-1] INFO  com.zaxxer.hikari.HikariDataSource - HikariPool-1 - Starting...
2020-34-12 22:34:39.136 [task-1] INFO  com.zaxxer.hikari.HikariDataSource - HikariPool-1 - Start completed.
2020-34-12 22:34:39.159 [task-1] INFO  org.hibernate.dialect.Dialect - HHH000400: Using dialect: org.hibernate.dialect.PostgreSQLDialect
2020-34-12 22:34:41.256 [task-1] INFO  org.hibernate.engine.transaction.jta.platform.internal.JtaPlatformInitiator - HHH000490: Using JtaPlatform implementation: [org.hibernate.engine.transaction.jta.platform.internal.NoJtaPlatform]
2020-34-12 22:34:41.267 [task-1] INFO  org.springframework.orm.jpa.LocalContainerEntityManagerFactoryBean - Initialized JPA EntityManagerFactory for persistence unit 'default'
2020-34-12 22:34:41.710 [main] INFO  org.springframework.security.web.DefaultSecurityFilterChain - Creating filter chain: any request, [org.springframework.security.web.context.request.async.WebAsyncManagerIntegrationFilter@39f0c343, org.springframework.security.web.context.SecurityContextPersistenceFilter@53ea380b, org.springframework.security.web.header.HeaderWriterFilter@d25e878, org.springframework.security.web.authentication.logout.LogoutFilter@4863c8ac, org.springframework.security.oauth2.client.web.OAuth2AuthorizationRequestRedirectFilter@5866731, org.springframework.security.oauth2.client.web.OAuth2LoginAuthenticationFilter@342beaf6, org.springframework.security.web.authentication.UsernamePasswordAuthenticationFilter@1693ff90, org.springframework.security.web.authentication.ui.DefaultLoginPageGeneratingFilter@19a5b637, org.springframework.security.web.authentication.ui.DefaultLogoutPageGeneratingFilter@781654f8, org.springframework.security.web.authentication.www.BasicAuthenticationFilter@4eb9ae4d, org.springframework.security.web.savedrequest.RequestCacheAwareFilter@245cb8df, org.springframework.security.web.servletapi.SecurityContextHolderAwareRequestFilter@2aee0704, org.springframework.security.web.authentication.AnonymousAuthenticationFilter@2abc55c4, org.springframework.security.web.session.SessionManagementFilter@78116659, org.springframework.security.web.access.ExceptionTranslationFilter@7d484fcd, org.springframework.security.web.access.intercept.FilterSecurityInterceptor@743d0d44]
2020-34-12 22:34:42.158 [main] INFO  org.apache.coyote.http11.Http11NioProtocol - Starting ProtocolHandler ["http-nio-8080"]
2020-34-12 22:34:42.200 [main] INFO  org.springframework.boot.web.embedded.tomcat.TomcatWebServer - Tomcat started on port(s): 8080 (http) with context path ''
2020-34-12 22:34:42.201 [main] INFO  org.springframework.data.repository.config.DeferredRepositoryInitializationListener - Triggering deferred initialization of Spring Data repositories…
2020-34-12 22:34:42.731 [main] INFO  org.springframework.data.repository.config.DeferredRepositoryInitializationListener - Spring Data repositories initialized!
2020-34-12 22:34:42.747 [main] INFO  com.soprabanking.ips.ImprovementProposalSystemApplication - Started ImprovementProposalSystemApplication in 7.687 seconds (JVM running for 10.2)
2020-34-12 22:34:51.506 [http-nio-8080-exec-1] INFO  org.apache.catalina.core.ContainerBase.[Tomcat].[localhost].[/] - Initializing Spring DispatcherServlet 'dispatcherServlet'
2020-34-12 22:34:51.511 [http-nio-8080-exec-1] INFO  org.springframework.web.servlet.DispatcherServlet - Initializing Servlet 'dispatcherServlet'
2020-34-12 22:34:51.518 [http-nio-8080-exec-1] INFO  org.springframework.web.servlet.DispatcherServlet - Completed initialization in 7 ms
2020-34-12 22:34:51.597 [http-nio-8080-exec-1] INFO  com.soprabanking.ips.controllers.CommentController - Inside CommentController: displayComments() method
2020-34-12 22:34:51.599 [http-nio-8080-exec-1] INFO  com.soprabanking.ips.services.CommentService - Inside CommentService: displayComments() method
2020-34-12 22:34:51.622 [http-nio-8080-exec-1] INFO  com.soprabanking.ips.daos.CommentDAO - Inside CommentDAO: fetchAllComments() method
2020-34-12 22:34:51.695 [http-nio-8080-exec-1] INFO  com.soprabanking.ips.services.CommentService - Inside CommentService: displayComments() SUCCESS
2020-34-12 22:34:51.696 [http-nio-8080-exec-1] INFO  com.soprabanking.ips.controllers.CommentController - Inside CommentController: displayComments() SUCCESS
2020-35-12 22:35:30.391 [main] INFO  com.soprabanking.ips.ImprovementProposalSystemApplication - Starting ImprovementProposalSystemApplication on ITEM-S103119 with PID 12364 (C:\Users\japsingh\Downloads\Proposal System\ips\Backend\target\classes started by japsingh in C:\Users\japsingh\Downloads\Proposal System\ips\Backend)
2020-35-12 22:35:30.408 [main] INFO  com.soprabanking.ips.ImprovementProposalSystemApplication - No active profile set, falling back to default profiles: default
2020-35-12 22:35:31.829 [main] INFO  org.springframework.data.repository.config.RepositoryConfigurationDelegate - Bootstrapping Spring Data JPA repositories in DEFERRED mode.
2020-35-12 22:35:31.986 [main] INFO  org.springframework.data.repository.config.RepositoryConfigurationDelegate - Finished Spring Data repository scanning in 149ms. Found 6 JPA repository interfaces.
2020-35-12 22:35:32.588 [main] INFO  org.springframework.boot.web.embedded.tomcat.TomcatWebServer - Tomcat initialized with port(s): 8080 (http)
2020-35-12 22:35:32.601 [main] INFO  org.apache.coyote.http11.Http11NioProtocol - Initializing ProtocolHandler ["http-nio-8080"]
2020-35-12 22:35:32.602 [main] INFO  org.apache.catalina.core.StandardService - Starting service [Tomcat]
2020-35-12 22:35:32.604 [main] INFO  org.apache.catalina.core.StandardEngine - Starting Servlet engine: [Apache Tomcat/9.0.38]
2020-35-12 22:35:33.195 [main] INFO  org.apache.catalina.core.ContainerBase.[Tomcat].[localhost].[/] - Initializing Spring embedded WebApplicationContext
2020-35-12 22:35:33.195 [main] INFO  org.springframework.boot.web.servlet.context.ServletWebServerApplicationContext - Root WebApplicationContext: initialization completed in 2720 ms
2020-35-12 22:35:33.406 [main] INFO  org.springframework.scheduling.concurrent.ThreadPoolTaskExecutor - Initializing ExecutorService 'applicationTaskExecutor'
2020-35-12 22:35:33.464 [task-1] INFO  org.hibernate.jpa.internal.util.LogHelper - HHH000204: Processing PersistenceUnitInfo [name: default]
2020-35-12 22:35:33.533 [task-1] INFO  org.hibernate.Version - HHH000412: Hibernate ORM core version 5.4.21.Final
2020-35-12 22:35:33.558 [main] WARN  org.springframework.boot.autoconfigure.orm.jpa.JpaBaseConfiguration$JpaWebConfiguration - spring.jpa.open-in-view is enabled by default. Therefore, database queries may be performed during view rendering. Explicitly configure spring.jpa.open-in-view to disable this warning
2020-35-12 22:35:33.686 [task-1] INFO  org.hibernate.annotations.common.Version - HCANN000001: Hibernate Commons Annotations {5.1.0.Final}
2020-35-12 22:35:33.788 [task-1] INFO  com.zaxxer.hikari.HikariDataSource - HikariPool-1 - Starting...
2020-35-12 22:35:34.227 [task-1] INFO  com.zaxxer.hikari.HikariDataSource - HikariPool-1 - Start completed.
2020-35-12 22:35:34.260 [task-1] INFO  org.hibernate.dialect.Dialect - HHH000400: Using dialect: org.hibernate.dialect.PostgreSQLDialect
2020-35-12 22:35:36.494 [task-1] INFO  org.hibernate.engine.transaction.jta.platform.internal.JtaPlatformInitiator - HHH000490: Using JtaPlatform implementation: [org.hibernate.engine.transaction.jta.platform.internal.NoJtaPlatform]
2020-35-12 22:35:36.508 [task-1] INFO  org.springframework.orm.jpa.LocalContainerEntityManagerFactoryBean - Initialized JPA EntityManagerFactory for persistence unit 'default'
2020-35-12 22:35:36.951 [main] INFO  org.springframework.security.web.DefaultSecurityFilterChain - Creating filter chain: any request, [org.springframework.security.web.context.request.async.WebAsyncManagerIntegrationFilter@2a99ca99, org.springframework.security.web.context.SecurityContextPersistenceFilter@712e787e, org.springframework.security.web.header.HeaderWriterFilter@788e3702, org.springframework.security.web.authentication.logout.LogoutFilter@3a6e9856, org.springframework.security.oauth2.client.web.OAuth2AuthorizationRequestRedirectFilter@7f2b584b, org.springframework.security.oauth2.client.web.OAuth2LoginAuthenticationFilter@11e71181, org.springframework.security.web.authentication.UsernamePasswordAuthenticationFilter@123307c4, org.springframework.security.web.authentication.ui.DefaultLoginPageGeneratingFilter@2aee0704, org.springframework.security.web.authentication.ui.DefaultLogoutPageGeneratingFilter@39f0c343, org.springframework.security.web.authentication.www.BasicAuthenticationFilter@51f68849, org.springframework.security.web.savedrequest.RequestCacheAwareFilter@578c3fd9, org.springframework.security.web.servletapi.SecurityContextHolderAwareRequestFilter@70be89ec, org.springframework.security.web.authentication.AnonymousAuthenticationFilter@781654f8, org.springframework.security.web.session.SessionManagementFilter@47187f50, org.springframework.security.web.access.ExceptionTranslationFilter@e3899fd, org.springframework.security.web.access.intercept.FilterSecurityInterceptor@7af327e3]
2020-35-12 22:35:37.407 [main] INFO  org.apache.coyote.http11.Http11NioProtocol - Starting ProtocolHandler ["http-nio-8080"]
2020-35-12 22:35:37.455 [main] INFO  org.springframework.boot.web.embedded.tomcat.TomcatWebServer - Tomcat started on port(s): 8080 (http) with context path ''
2020-35-12 22:35:37.458 [main] INFO  org.springframework.data.repository.config.DeferredRepositoryInitializationListener - Triggering deferred initialization of Spring Data repositories…
2020-35-12 22:35:38.010 [main] INFO  org.springframework.data.repository.config.DeferredRepositoryInitializationListener - Spring Data repositories initialized!
2020-35-12 22:35:38.026 [main] INFO  com.soprabanking.ips.ImprovementProposalSystemApplication - Started ImprovementProposalSystemApplication in 8.156 seconds (JVM running for 10.244)
2020-35-12 22:35:53.055 [http-nio-8080-exec-1] INFO  org.apache.catalina.core.ContainerBase.[Tomcat].[localhost].[/] - Initializing Spring DispatcherServlet 'dispatcherServlet'
2020-35-12 22:35:53.056 [http-nio-8080-exec-1] INFO  org.springframework.web.servlet.DispatcherServlet - Initializing Servlet 'dispatcherServlet'
2020-35-12 22:35:53.073 [http-nio-8080-exec-1] INFO  org.springframework.web.servlet.DispatcherServlet - Completed initialization in 17 ms
2020-35-12 22:35:53.169 [http-nio-8080-exec-1] INFO  com.soprabanking.ips.controllers.CommentController - Inside CommentController: displayComments() method
2020-35-12 22:35:53.170 [http-nio-8080-exec-1] INFO  com.soprabanking.ips.services.CommentService - Inside CommentService: displayComments() method
2020-35-12 22:35:53.195 [http-nio-8080-exec-1] INFO  com.soprabanking.ips.daos.CommentDAO - Inside CommentDAO: fetchAllComments() method
2020-35-12 22:35:53.348 [http-nio-8080-exec-1] INFO  com.soprabanking.ips.services.CommentService - Inside CommentService: displayComments() SUCCESS
2020-35-12 22:35:53.349 [http-nio-8080-exec-1] INFO  com.soprabanking.ips.controllers.CommentController - Inside CommentController: displayComments() SUCCESS
2020-35-12 22:35:59.751 [http-nio-8080-exec-3] INFO  com.soprabanking.ips.controllers.CommentController - Inside CommentController: displayComments() method
2020-35-12 22:35:59.753 [http-nio-8080-exec-3] INFO  com.soprabanking.ips.services.CommentService - Inside CommentService: displayComments() method
2020-35-12 22:35:59.754 [http-nio-8080-exec-3] INFO  com.soprabanking.ips.daos.CommentDAO - Inside CommentDAO: fetchAllComments() method
2020-35-12 22:35:59.762 [http-nio-8080-exec-3] INFO  com.soprabanking.ips.services.CommentService - Inside CommentService: displayComments() SUCCESS
2020-35-12 22:35:59.762 [http-nio-8080-exec-3] INFO  com.soprabanking.ips.controllers.CommentController - Inside CommentController: displayComments() SUCCESS
2020-36-12 22:36:42.916 [main] INFO  com.soprabanking.ips.ImprovementProposalSystemApplication - Starting ImprovementProposalSystemApplication on ITEM-S103119 with PID 19756 (C:\Users\japsingh\Downloads\Proposal System\ips\Backend\target\classes started by japsingh in C:\Users\japsingh\Downloads\Proposal System\ips\Backend)
2020-36-12 22:36:42.937 [main] INFO  com.soprabanking.ips.ImprovementProposalSystemApplication - No active profile set, falling back to default profiles: default
2020-36-12 22:36:44.052 [main] INFO  org.springframework.data.repository.config.RepositoryConfigurationDelegate - Bootstrapping Spring Data JPA repositories in DEFERRED mode.
2020-36-12 22:36:44.213 [main] INFO  org.springframework.data.repository.config.RepositoryConfigurationDelegate - Finished Spring Data repository scanning in 151ms. Found 6 JPA repository interfaces.
2020-36-12 22:36:44.888 [main] INFO  org.springframework.boot.web.embedded.tomcat.TomcatWebServer - Tomcat initialized with port(s): 8080 (http)
2020-36-12 22:36:44.909 [main] INFO  org.apache.coyote.http11.Http11NioProtocol - Initializing ProtocolHandler ["http-nio-8080"]
2020-36-12 22:36:44.911 [main] INFO  org.apache.catalina.core.StandardService - Starting service [Tomcat]
2020-36-12 22:36:44.911 [main] INFO  org.apache.catalina.core.StandardEngine - Starting Servlet engine: [Apache Tomcat/9.0.38]
2020-36-12 22:36:45.512 [main] INFO  org.apache.catalina.core.ContainerBase.[Tomcat].[localhost].[/] - Initializing Spring embedded WebApplicationContext
2020-36-12 22:36:45.512 [main] INFO  org.springframework.boot.web.servlet.context.ServletWebServerApplicationContext - Root WebApplicationContext: initialization completed in 2513 ms
2020-36-12 22:36:45.725 [main] INFO  org.springframework.scheduling.concurrent.ThreadPoolTaskExecutor - Initializing ExecutorService 'applicationTaskExecutor'
2020-36-12 22:36:45.778 [task-1] INFO  org.hibernate.jpa.internal.util.LogHelper - HHH000204: Processing PersistenceUnitInfo [name: default]
2020-36-12 22:36:45.845 [task-1] INFO  org.hibernate.Version - HHH000412: Hibernate ORM core version 5.4.21.Final
2020-36-12 22:36:45.849 [main] WARN  org.springframework.boot.autoconfigure.orm.jpa.JpaBaseConfiguration$JpaWebConfiguration - spring.jpa.open-in-view is enabled by default. Therefore, database queries may be performed during view rendering. Explicitly configure spring.jpa.open-in-view to disable this warning
2020-36-12 22:36:45.976 [task-1] INFO  org.hibernate.annotations.common.Version - HCANN000001: Hibernate Commons Annotations {5.1.0.Final}
2020-36-12 22:36:46.078 [task-1] INFO  com.zaxxer.hikari.HikariDataSource - HikariPool-1 - Starting...
2020-36-12 22:36:46.600 [task-1] INFO  com.zaxxer.hikari.HikariDataSource - HikariPool-1 - Start completed.
2020-36-12 22:36:46.621 [task-1] INFO  org.hibernate.dialect.Dialect - HHH000400: Using dialect: org.hibernate.dialect.PostgreSQLDialect
2020-36-12 22:36:48.892 [task-1] INFO  org.hibernate.engine.transaction.jta.platform.internal.JtaPlatformInitiator - HHH000490: Using JtaPlatform implementation: [org.hibernate.engine.transaction.jta.platform.internal.NoJtaPlatform]
2020-36-12 22:36:48.909 [task-1] INFO  org.springframework.orm.jpa.LocalContainerEntityManagerFactoryBean - Initialized JPA EntityManagerFactory for persistence unit 'default'
2020-36-12 22:36:49.403 [main] INFO  org.springframework.security.web.DefaultSecurityFilterChain - Creating filter chain: any request, [org.springframework.security.web.context.request.async.WebAsyncManagerIntegrationFilter@2a99ca99, org.springframework.security.web.context.SecurityContextPersistenceFilter@712e787e, org.springframework.security.web.header.HeaderWriterFilter@788e3702, org.springframework.security.web.authentication.logout.LogoutFilter@3a6e9856, org.springframework.security.oauth2.client.web.OAuth2AuthorizationRequestRedirectFilter@7f2b584b, org.springframework.security.oauth2.client.web.OAuth2LoginAuthenticationFilter@11e71181, org.springframework.security.web.authentication.UsernamePasswordAuthenticationFilter@123307c4, org.springframework.security.web.authentication.ui.DefaultLoginPageGeneratingFilter@2aee0704, org.springframework.security.web.authentication.ui.DefaultLogoutPageGeneratingFilter@39f0c343, org.springframework.security.web.authentication.www.BasicAuthenticationFilter@51f68849, org.springframework.security.web.savedrequest.RequestCacheAwareFilter@578c3fd9, org.springframework.security.web.servletapi.SecurityContextHolderAwareRequestFilter@70be89ec, org.springframework.security.web.authentication.AnonymousAuthenticationFilter@781654f8, org.springframework.security.web.session.SessionManagementFilter@47187f50, org.springframework.security.web.access.ExceptionTranslationFilter@e3899fd, org.springframework.security.web.access.intercept.FilterSecurityInterceptor@7af327e3]
2020-36-12 22:36:49.882 [main] INFO  org.apache.coyote.http11.Http11NioProtocol - Starting ProtocolHandler ["http-nio-8080"]
2020-36-12 22:36:49.924 [main] INFO  org.springframework.boot.web.embedded.tomcat.TomcatWebServer - Tomcat started on port(s): 8080 (http) with context path ''
2020-36-12 22:36:49.926 [main] INFO  org.springframework.data.repository.config.DeferredRepositoryInitializationListener - Triggering deferred initialization of Spring Data repositories…
2020-36-12 22:36:50.423 [main] INFO  org.springframework.data.repository.config.DeferredRepositoryInitializationListener - Spring Data repositories initialized!
2020-36-12 22:36:50.440 [main] INFO  com.soprabanking.ips.ImprovementProposalSystemApplication - Started ImprovementProposalSystemApplication in 8.041 seconds (JVM running for 10.162)
2020-36-12 22:36:55.533 [http-nio-8080-exec-1] INFO  org.apache.catalina.core.ContainerBase.[Tomcat].[localhost].[/] - Initializing Spring DispatcherServlet 'dispatcherServlet'
2020-36-12 22:36:55.534 [http-nio-8080-exec-1] INFO  org.springframework.web.servlet.DispatcherServlet - Initializing Servlet 'dispatcherServlet'
2020-36-12 22:36:55.548 [http-nio-8080-exec-1] INFO  org.springframework.web.servlet.DispatcherServlet - Completed initialization in 13 ms
2020-36-12 22:36:55.631 [http-nio-8080-exec-1] INFO  com.soprabanking.ips.controllers.CommentController - Inside CommentController: displayComments() method
2020-36-12 22:36:55.632 [http-nio-8080-exec-1] INFO  com.soprabanking.ips.services.CommentService - Inside CommentService: displayComments() method
2020-36-12 22:36:55.654 [http-nio-8080-exec-1] INFO  com.soprabanking.ips.daos.CommentDAO - Inside CommentDAO: fetchAllComments() method
2020-36-12 22:36:55.776 [http-nio-8080-exec-1] INFO  com.soprabanking.ips.services.CommentService - Inside CommentService: displayComments() SUCCESS
2020-36-12 22:36:55.776 [http-nio-8080-exec-1] INFO  com.soprabanking.ips.controllers.CommentController - Inside CommentController: displayComments() SUCCESS
2020-37-12 22:37:26.826 [main] INFO  com.soprabanking.ips.ImprovementProposalSystemApplication - Starting ImprovementProposalSystemApplication on ITEM-S103119 with PID 20048 (C:\Users\japsingh\Downloads\Proposal System\ips\Backend\target\classes started by japsingh in C:\Users\japsingh\Downloads\Proposal System\ips\Backend)
2020-37-12 22:37:26.839 [main] INFO  com.soprabanking.ips.ImprovementProposalSystemApplication - No active profile set, falling back to default profiles: default
2020-37-12 22:37:28.022 [main] INFO  org.springframework.data.repository.config.RepositoryConfigurationDelegate - Bootstrapping Spring Data JPA repositories in DEFERRED mode.
2020-37-12 22:37:28.199 [main] INFO  org.springframework.data.repository.config.RepositoryConfigurationDelegate - Finished Spring Data repository scanning in 166ms. Found 6 JPA repository interfaces.
2020-37-12 22:37:29.171 [main] INFO  org.springframework.boot.web.embedded.tomcat.TomcatWebServer - Tomcat initialized with port(s): 8080 (http)
2020-37-12 22:37:29.181 [main] INFO  org.apache.coyote.http11.Http11NioProtocol - Initializing ProtocolHandler ["http-nio-8080"]
2020-37-12 22:37:29.187 [main] INFO  org.apache.catalina.core.StandardService - Starting service [Tomcat]
2020-37-12 22:37:29.188 [main] INFO  org.apache.catalina.core.StandardEngine - Starting Servlet engine: [Apache Tomcat/9.0.38]
2020-37-12 22:37:29.719 [main] INFO  org.apache.catalina.core.ContainerBase.[Tomcat].[localhost].[/] - Initializing Spring embedded WebApplicationContext
2020-37-12 22:37:29.719 [main] INFO  org.springframework.boot.web.servlet.context.ServletWebServerApplicationContext - Root WebApplicationContext: initialization completed in 2832 ms
2020-37-12 22:37:29.889 [main] INFO  org.springframework.scheduling.concurrent.ThreadPoolTaskExecutor - Initializing ExecutorService 'applicationTaskExecutor'
2020-37-12 22:37:29.937 [task-1] INFO  org.hibernate.jpa.internal.util.LogHelper - HHH000204: Processing PersistenceUnitInfo [name: default]
2020-37-12 22:37:29.993 [task-1] INFO  org.hibernate.Version - HHH000412: Hibernate ORM core version 5.4.21.Final
2020-37-12 22:37:30.001 [main] WARN  org.springframework.boot.autoconfigure.orm.jpa.JpaBaseConfiguration$JpaWebConfiguration - spring.jpa.open-in-view is enabled by default. Therefore, database queries may be performed during view rendering. Explicitly configure spring.jpa.open-in-view to disable this warning
2020-37-12 22:37:30.128 [task-1] INFO  org.hibernate.annotations.common.Version - HCANN000001: Hibernate Commons Annotations {5.1.0.Final}
2020-37-12 22:37:30.227 [task-1] INFO  com.zaxxer.hikari.HikariDataSource - HikariPool-1 - Starting...
2020-37-12 22:37:30.759 [task-1] INFO  com.zaxxer.hikari.HikariDataSource - HikariPool-1 - Start completed.
2020-37-12 22:37:30.789 [task-1] INFO  org.hibernate.dialect.Dialect - HHH000400: Using dialect: org.hibernate.dialect.PostgreSQLDialect
2020-37-12 22:37:32.850 [task-1] INFO  org.hibernate.engine.transaction.jta.platform.internal.JtaPlatformInitiator - HHH000490: Using JtaPlatform implementation: [org.hibernate.engine.transaction.jta.platform.internal.NoJtaPlatform]
2020-37-12 22:37:32.862 [task-1] INFO  org.springframework.orm.jpa.LocalContainerEntityManagerFactoryBean - Initialized JPA EntityManagerFactory for persistence unit 'default'
2020-37-12 22:37:33.445 [main] INFO  org.springframework.security.web.DefaultSecurityFilterChain - Creating filter chain: any request, [org.springframework.security.web.context.request.async.WebAsyncManagerIntegrationFilter@2a99ca99, org.springframework.security.web.context.SecurityContextPersistenceFilter@712e787e, org.springframework.security.web.header.HeaderWriterFilter@788e3702, org.springframework.security.web.authentication.logout.LogoutFilter@3a6e9856, org.springframework.security.oauth2.client.web.OAuth2AuthorizationRequestRedirectFilter@7f2b584b, org.springframework.security.oauth2.client.web.OAuth2LoginAuthenticationFilter@11e71181, org.springframework.security.web.authentication.UsernamePasswordAuthenticationFilter@123307c4, org.springframework.security.web.authentication.ui.DefaultLoginPageGeneratingFilter@2aee0704, org.springframework.security.web.authentication.ui.DefaultLogoutPageGeneratingFilter@39f0c343, org.springframework.security.web.authentication.www.BasicAuthenticationFilter@51f68849, org.springframework.security.web.savedrequest.RequestCacheAwareFilter@578c3fd9, org.springframework.security.web.servletapi.SecurityContextHolderAwareRequestFilter@70be89ec, org.springframework.security.web.authentication.AnonymousAuthenticationFilter@781654f8, org.springframework.security.web.session.SessionManagementFilter@47187f50, org.springframework.security.web.access.ExceptionTranslationFilter@e3899fd, org.springframework.security.web.access.intercept.FilterSecurityInterceptor@7af327e3]
2020-37-12 22:37:33.855 [main] INFO  org.apache.coyote.http11.Http11NioProtocol - Starting ProtocolHandler ["http-nio-8080"]
2020-37-12 22:37:33.911 [main] INFO  org.springframework.boot.web.embedded.tomcat.TomcatWebServer - Tomcat started on port(s): 8080 (http) with context path ''
2020-37-12 22:37:33.911 [main] INFO  org.springframework.data.repository.config.DeferredRepositoryInitializationListener - Triggering deferred initialization of Spring Data repositories…
2020-37-12 22:37:34.434 [main] INFO  org.springframework.data.repository.config.DeferredRepositoryInitializationListener - Spring Data repositories initialized!
2020-37-12 22:37:34.451 [main] INFO  com.soprabanking.ips.ImprovementProposalSystemApplication - Started ImprovementProposalSystemApplication in 8.122 seconds (JVM running for 10.135)
2020-37-12 22:37:40.202 [http-nio-8080-exec-2] INFO  org.apache.catalina.core.ContainerBase.[Tomcat].[localhost].[/] - Initializing Spring DispatcherServlet 'dispatcherServlet'
2020-37-12 22:37:40.202 [http-nio-8080-exec-2] INFO  org.springframework.web.servlet.DispatcherServlet - Initializing Servlet 'dispatcherServlet'
2020-37-12 22:37:40.212 [http-nio-8080-exec-2] INFO  org.springframework.web.servlet.DispatcherServlet - Completed initialization in 10 ms
2020-37-12 22:37:40.287 [http-nio-8080-exec-2] INFO  com.soprabanking.ips.controllers.CommentController - Inside CommentController: displayComments() method
2020-37-12 22:37:40.290 [http-nio-8080-exec-2] INFO  com.soprabanking.ips.services.CommentService - Inside CommentService: displayComments() method
2020-37-12 22:37:40.319 [http-nio-8080-exec-2] INFO  com.soprabanking.ips.daos.CommentDAO - Inside CommentDAO: fetchAllComments() method
2020-37-12 22:37:40.467 [http-nio-8080-exec-2] INFO  com.soprabanking.ips.services.CommentService - Inside CommentService: displayComments() SUCCESS
2020-37-12 22:37:40.468 [http-nio-8080-exec-2] INFO  com.soprabanking.ips.controllers.CommentController - Inside CommentController: displayComments() SUCCESS
2020-38-12 22:38:04.370 [main] INFO  com.soprabanking.ips.ImprovementProposalSystemApplication - Starting ImprovementProposalSystemApplication on ITEM-S103119 with PID 19604 (C:\Users\japsingh\Downloads\Proposal System\ips\Backend\target\classes started by japsingh in C:\Users\japsingh\Downloads\Proposal System\ips\Backend)
2020-38-12 22:38:04.388 [main] INFO  com.soprabanking.ips.ImprovementProposalSystemApplication - No active profile set, falling back to default profiles: default
2020-38-12 22:38:05.846 [main] INFO  org.springframework.data.repository.config.RepositoryConfigurationDelegate - Bootstrapping Spring Data JPA repositories in DEFERRED mode.
2020-38-12 22:38:06.078 [main] INFO  org.springframework.data.repository.config.RepositoryConfigurationDelegate - Finished Spring Data repository scanning in 214ms. Found 6 JPA repository interfaces.
2020-38-12 22:38:06.820 [main] INFO  org.springframework.boot.web.embedded.tomcat.TomcatWebServer - Tomcat initialized with port(s): 8080 (http)
2020-38-12 22:38:06.836 [main] INFO  org.apache.coyote.http11.Http11NioProtocol - Initializing ProtocolHandler ["http-nio-8080"]
2020-38-12 22:38:06.836 [main] INFO  org.apache.catalina.core.StandardService - Starting service [Tomcat]
2020-38-12 22:38:06.845 [main] INFO  org.apache.catalina.core.StandardEngine - Starting Servlet engine: [Apache Tomcat/9.0.38]
2020-38-12 22:38:07.477 [main] INFO  org.apache.catalina.core.ContainerBase.[Tomcat].[localhost].[/] - Initializing Spring embedded WebApplicationContext
2020-38-12 22:38:07.478 [main] INFO  org.springframework.boot.web.servlet.context.ServletWebServerApplicationContext - Root WebApplicationContext: initialization completed in 3025 ms
2020-38-12 22:38:07.720 [main] INFO  org.springframework.scheduling.concurrent.ThreadPoolTaskExecutor - Initializing ExecutorService 'applicationTaskExecutor'
2020-38-12 22:38:07.767 [task-1] INFO  org.hibernate.jpa.internal.util.LogHelper - HHH000204: Processing PersistenceUnitInfo [name: default]
2020-38-12 22:38:07.819 [task-1] INFO  org.hibernate.Version - HHH000412: Hibernate ORM core version 5.4.21.Final
2020-38-12 22:38:07.827 [main] WARN  org.springframework.boot.autoconfigure.orm.jpa.JpaBaseConfiguration$JpaWebConfiguration - spring.jpa.open-in-view is enabled by default. Therefore, database queries may be performed during view rendering. Explicitly configure spring.jpa.open-in-view to disable this warning
2020-38-12 22:38:07.958 [task-1] INFO  org.hibernate.annotations.common.Version - HCANN000001: Hibernate Commons Annotations {5.1.0.Final}
2020-38-12 22:38:08.068 [task-1] INFO  com.zaxxer.hikari.HikariDataSource - HikariPool-1 - Starting...
2020-38-12 22:38:08.527 [task-1] INFO  com.zaxxer.hikari.HikariDataSource - HikariPool-1 - Start completed.
2020-38-12 22:38:08.544 [task-1] INFO  org.hibernate.dialect.Dialect - HHH000400: Using dialect: org.hibernate.dialect.PostgreSQLDialect
2020-38-12 22:38:10.702 [task-1] INFO  org.hibernate.engine.transaction.jta.platform.internal.JtaPlatformInitiator - HHH000490: Using JtaPlatform implementation: [org.hibernate.engine.transaction.jta.platform.internal.NoJtaPlatform]
2020-38-12 22:38:10.714 [task-1] INFO  org.springframework.orm.jpa.LocalContainerEntityManagerFactoryBean - Initialized JPA EntityManagerFactory for persistence unit 'default'
2020-38-12 22:38:11.210 [main] INFO  org.springframework.security.web.DefaultSecurityFilterChain - Creating filter chain: any request, [org.springframework.security.web.context.request.async.WebAsyncManagerIntegrationFilter@2a99ca99, org.springframework.security.web.context.SecurityContextPersistenceFilter@712e787e, org.springframework.security.web.header.HeaderWriterFilter@788e3702, org.springframework.security.web.authentication.logout.LogoutFilter@3a6e9856, org.springframework.security.oauth2.client.web.OAuth2AuthorizationRequestRedirectFilter@7f2b584b, org.springframework.security.oauth2.client.web.OAuth2LoginAuthenticationFilter@11e71181, org.springframework.security.web.authentication.UsernamePasswordAuthenticationFilter@123307c4, org.springframework.security.web.authentication.ui.DefaultLoginPageGeneratingFilter@2aee0704, org.springframework.security.web.authentication.ui.DefaultLogoutPageGeneratingFilter@39f0c343, org.springframework.security.web.authentication.www.BasicAuthenticationFilter@51f68849, org.springframework.security.web.savedrequest.RequestCacheAwareFilter@578c3fd9, org.springframework.security.web.servletapi.SecurityContextHolderAwareRequestFilter@70be89ec, org.springframework.security.web.authentication.AnonymousAuthenticationFilter@781654f8, org.springframework.security.web.session.SessionManagementFilter@47187f50, org.springframework.security.web.access.ExceptionTranslationFilter@e3899fd, org.springframework.security.web.access.intercept.FilterSecurityInterceptor@7af327e3]
2020-38-12 22:38:11.594 [main] INFO  org.apache.coyote.http11.Http11NioProtocol - Starting ProtocolHandler ["http-nio-8080"]
2020-38-12 22:38:11.634 [main] INFO  org.springframework.boot.web.embedded.tomcat.TomcatWebServer - Tomcat started on port(s): 8080 (http) with context path ''
2020-38-12 22:38:11.634 [main] INFO  org.springframework.data.repository.config.DeferredRepositoryInitializationListener - Triggering deferred initialization of Spring Data repositories…
2020-38-12 22:38:12.152 [main] INFO  org.springframework.data.repository.config.DeferredRepositoryInitializationListener - Spring Data repositories initialized!
2020-38-12 22:38:12.167 [main] INFO  com.soprabanking.ips.ImprovementProposalSystemApplication - Started ImprovementProposalSystemApplication in 8.32 seconds (JVM running for 10.281)
2020-38-12 22:38:18.455 [http-nio-8080-exec-2] INFO  org.apache.catalina.core.ContainerBase.[Tomcat].[localhost].[/] - Initializing Spring DispatcherServlet 'dispatcherServlet'
2020-38-12 22:38:18.455 [http-nio-8080-exec-2] INFO  org.springframework.web.servlet.DispatcherServlet - Initializing Servlet 'dispatcherServlet'
2020-38-12 22:38:18.472 [http-nio-8080-exec-2] INFO  org.springframework.web.servlet.DispatcherServlet - Completed initialization in 17 ms
2020-38-12 22:38:18.580 [http-nio-8080-exec-2] INFO  com.soprabanking.ips.controllers.CommentController - Inside CommentController: displayComments() method
2020-38-12 22:38:18.581 [http-nio-8080-exec-2] INFO  com.soprabanking.ips.services.CommentService - Inside CommentService: displayComments() method
2020-38-12 22:38:18.617 [http-nio-8080-exec-2] INFO  com.soprabanking.ips.daos.CommentDAO - Inside CommentDAO: fetchAllComments() method
2020-38-12 22:38:18.714 [http-nio-8080-exec-2] INFO  com.soprabanking.ips.services.CommentService - Inside CommentService: displayComments() SUCCESS
2020-38-12 22:38:18.716 [http-nio-8080-exec-2] INFO  com.soprabanking.ips.controllers.CommentController - Inside CommentController: displayComments() SUCCESS
2020-38-12 22:38:39.985 [main] INFO  com.soprabanking.ips.ImprovementProposalSystemApplication - Starting ImprovementProposalSystemApplication on ITEM-S103119 with PID 4620 (C:\Users\japsingh\Downloads\Proposal System\ips\Backend\target\classes started by japsingh in C:\Users\japsingh\Downloads\Proposal System\ips\Backend)
2020-38-12 22:38:39.999 [main] INFO  com.soprabanking.ips.ImprovementProposalSystemApplication - No active profile set, falling back to default profiles: default
2020-38-12 22:38:41.068 [main] INFO  org.springframework.data.repository.config.RepositoryConfigurationDelegate - Bootstrapping Spring Data JPA repositories in DEFERRED mode.
2020-38-12 22:38:41.187 [main] INFO  org.springframework.data.repository.config.RepositoryConfigurationDelegate - Finished Spring Data repository scanning in 109ms. Found 6 JPA repository interfaces.
2020-38-12 22:38:41.784 [main] INFO  org.springframework.boot.web.embedded.tomcat.TomcatWebServer - Tomcat initialized with port(s): 8080 (http)
2020-38-12 22:38:41.796 [main] INFO  org.apache.coyote.http11.Http11NioProtocol - Initializing ProtocolHandler ["http-nio-8080"]
2020-38-12 22:38:41.799 [main] INFO  org.apache.catalina.core.StandardService - Starting service [Tomcat]
2020-38-12 22:38:41.800 [main] INFO  org.apache.catalina.core.StandardEngine - Starting Servlet engine: [Apache Tomcat/9.0.38]
2020-38-12 22:38:41.982 [main] INFO  org.apache.catalina.core.ContainerBase.[Tomcat].[localhost].[/] - Initializing Spring embedded WebApplicationContext
2020-38-12 22:38:41.982 [main] INFO  org.springframework.boot.web.servlet.context.ServletWebServerApplicationContext - Root WebApplicationContext: initialization completed in 1926 ms
2020-38-12 22:38:42.195 [main] INFO  org.springframework.scheduling.concurrent.ThreadPoolTaskExecutor - Initializing ExecutorService 'applicationTaskExecutor'
2020-38-12 22:38:42.253 [task-1] INFO  org.hibernate.jpa.internal.util.LogHelper - HHH000204: Processing PersistenceUnitInfo [name: default]
2020-38-12 22:38:42.328 [task-1] INFO  org.hibernate.Version - HHH000412: Hibernate ORM core version 5.4.21.Final
2020-38-12 22:38:42.342 [main] WARN  org.springframework.boot.autoconfigure.orm.jpa.JpaBaseConfiguration$JpaWebConfiguration - spring.jpa.open-in-view is enabled by default. Therefore, database queries may be performed during view rendering. Explicitly configure spring.jpa.open-in-view to disable this warning
2020-38-12 22:38:42.486 [task-1] INFO  org.hibernate.annotations.common.Version - HCANN000001: Hibernate Commons Annotations {5.1.0.Final}
2020-38-12 22:38:42.601 [task-1] INFO  com.zaxxer.hikari.HikariDataSource - HikariPool-1 - Starting...
2020-38-12 22:38:43.190 [task-1] INFO  com.zaxxer.hikari.HikariDataSource - HikariPool-1 - Start completed.
2020-38-12 22:38:43.247 [task-1] INFO  org.hibernate.dialect.Dialect - HHH000400: Using dialect: org.hibernate.dialect.PostgreSQLDialect
2020-38-12 22:38:45.539 [task-1] INFO  org.hibernate.engine.transaction.jta.platform.internal.JtaPlatformInitiator - HHH000490: Using JtaPlatform implementation: [org.hibernate.engine.transaction.jta.platform.internal.NoJtaPlatform]
2020-38-12 22:38:45.551 [task-1] INFO  org.springframework.orm.jpa.LocalContainerEntityManagerFactoryBean - Initialized JPA EntityManagerFactory for persistence unit 'default'
2020-38-12 22:38:45.983 [main] INFO  org.springframework.security.web.DefaultSecurityFilterChain - Creating filter chain: any request, [org.springframework.security.web.context.request.async.WebAsyncManagerIntegrationFilter@342beaf6, org.springframework.security.web.context.SecurityContextPersistenceFilter@e3899fd, org.springframework.security.web.header.HeaderWriterFilter@7e191fda, org.springframework.security.web.authentication.logout.LogoutFilter@1eb85a47, org.springframework.security.oauth2.client.web.OAuth2AuthorizationRequestRedirectFilter@76a9a009, org.springframework.security.oauth2.client.web.OAuth2LoginAuthenticationFilter@3f68a7f8, org.springframework.security.web.authentication.UsernamePasswordAuthenticationFilter@53016b11, org.springframework.security.web.authentication.ui.DefaultLoginPageGeneratingFilter@5384ce66, org.springframework.security.web.authentication.ui.DefaultLogoutPageGeneratingFilter@222acad, org.springframework.security.web.authentication.www.BasicAuthenticationFilter@47058864, org.springframework.security.web.savedrequest.RequestCacheAwareFilter@788e3702, org.springframework.security.web.servletapi.SecurityContextHolderAwareRequestFilter@125f16b2, org.springframework.security.web.authentication.AnonymousAuthenticationFilter@56cfe6be, org.springframework.security.web.session.SessionManagementFilter@2ce524d2, org.springframework.security.web.access.ExceptionTranslationFilter@255d9277, org.springframework.security.web.access.intercept.FilterSecurityInterceptor@39449465]
2020-38-12 22:38:46.357 [main] INFO  org.apache.coyote.http11.Http11NioProtocol - Starting ProtocolHandler ["http-nio-8080"]
2020-38-12 22:38:46.393 [main] INFO  org.springframework.boot.web.embedded.tomcat.TomcatWebServer - Tomcat started on port(s): 8080 (http) with context path ''
2020-38-12 22:38:46.397 [main] INFO  org.springframework.data.repository.config.DeferredRepositoryInitializationListener - Triggering deferred initialization of Spring Data repositories…
2020-38-12 22:38:46.947 [main] INFO  org.springframework.data.repository.config.DeferredRepositoryInitializationListener - Spring Data repositories initialized!
2020-38-12 22:38:46.962 [main] INFO  com.soprabanking.ips.ImprovementProposalSystemApplication - Started ImprovementProposalSystemApplication in 7.432 seconds (JVM running for 9.094)
2020-38-12 22:38:52.321 [http-nio-8080-exec-1] INFO  org.apache.catalina.core.ContainerBase.[Tomcat].[localhost].[/] - Initializing Spring DispatcherServlet 'dispatcherServlet'
2020-38-12 22:38:52.326 [http-nio-8080-exec-1] INFO  org.springframework.web.servlet.DispatcherServlet - Initializing Servlet 'dispatcherServlet'
2020-38-12 22:38:52.339 [http-nio-8080-exec-1] INFO  org.springframework.web.servlet.DispatcherServlet - Completed initialization in 13 ms
2020-38-12 22:38:52.422 [http-nio-8080-exec-1] INFO  com.soprabanking.ips.controllers.CommentController - Inside CommentController: displayComments() method
2020-38-12 22:38:52.423 [http-nio-8080-exec-1] INFO  com.soprabanking.ips.services.CommentService - Inside CommentService: displayComments() method
2020-38-12 22:38:52.445 [http-nio-8080-exec-1] INFO  com.soprabanking.ips.daos.CommentDAO - Inside CommentDAO: fetchAllComments() method
2020-38-12 22:38:52.532 [http-nio-8080-exec-1] INFO  com.soprabanking.ips.services.CommentService - Inside CommentService: displayComments() SUCCESS
2020-38-12 22:38:52.533 [http-nio-8080-exec-1] INFO  com.soprabanking.ips.controllers.CommentController - Inside CommentController: displayComments() SUCCESS
